<?xml version="1.0" encoding="UTF-8"?>
<beans xmlns="http://www.springframework.org/schema/beans" xmlns:xsi="http://www.w3.org/2001/XMLSchema-instance"
    xmlns:tx="http://www.springframework.org/schema/tx" xmlns:aop="http://www.springframework.org/schema/aop"
    xsi:schemaLocation="
    http://www.springframework.org/schema/beans http://www.springframework.org/schema/beans/spring-beans-2.0.xsd 
    http://www.springframework.org/schema/tx http://www.springframework.org/schema/tx/spring-tx-2.0.xsd
    http://www.springframework.org/schema/aop http://www.springframework.org/schema/aop/spring-aop-2.0.xsd">
    
    <bean id="dataSourceSpied" class="org.springframework.jdbc.datasource.DriverManagerDataSource">
        <property name="driverClassName" value="oracle.jdbc.OracleDriver" />
        <property name="url" value="jdbc:oracle:thin:@localhost:1521:ORCL" />
        <property name="username" value="scott" />
        <property name="password" value="tiger" />
    </bean>
    
    <bean id="dataSource" class="org.lazyluke.log4jdbc.tools.Log4jdbcProxyDataSource">
      <constructor-arg ref="dataSourceSpied" />
      <property name="logFormatter">
        <bean class="org.lazyluke.log4jdbc.tools.Log4JdbcCustomFormatter">
          <property name="loggingType" value="MULTI_LINE" />
          <property name="margin" value="20" />
        </bean>
      </property>
    </bean>
    
    <bean id="jdbcTemplate" class="org.springframework.jdbc.core.JdbcTemplate">
        <constructor-arg ref="dataSource" />
    </bean>

    <bean id="transactionManager" class="org.springframework.jdbc.datasource.DataSourceTransactionManager">
        <constructor-arg ref="dataSource" />
    </bean>
    
    
</beans>